<?xml version="1.0" encoding="UTF-8"?>
<testng-results ignored="0" total="0" passed="0" failed="0" skipped="0">
  <reporter-output>
  </reporter-output>
  <suite started-at="2026-03-01T22:17:51 IST" name="ParallelSuite" finished-at="2026-03-01T22:17:51 IST" duration-ms="10">
    <groups>
    </groups>
    <test started-at="2026-03-01T22:17:51 IST" name="GridTests" finished-at="2026-03-01T22:17:51 IST" duration-ms="10">
    </test> <!-- GridTests -->
  </suite> <!-- ParallelSuite -->
</testng-results>
